"2020-10-06 19:10:56  INFO [restartedMain] com.infosys.employeeCourse.EmployeeCourseApplication [logStarting] - Starting EmployeeCourseApplication on CHNMCT326746L with PID 5088 (C:\Users\vinupriyap.p\Downloads\employeeCourse\employeeCourse\target\classes started by vinupriyap.p in C:\Users\vinupriyap.p\Downloads\employeeCourse\employeeCourse)
""2020-10-06 19:10:56  INFO [restartedMain] com.infosys.employeeCourse.EmployeeCourseApplication [logStartupProfileInfo] - No active profile set, falling back to default profiles: default
""2020-10-06 19:10:56  INFO [restartedMain] org.springframework.boot.devtools.env.DevToolsPropertyDefaultsPostProcessor [logTo] - Devtools property defaults active! Set 'spring.devtools.add-properties' to 'false' to disable
""2020-10-06 19:10:56  INFO [restartedMain] org.springframework.boot.devtools.env.DevToolsPropertyDefaultsPostProcessor [logTo] - For additional web related logging consider setting the 'logging.level.web' property to 'DEBUG'
""2020-10-06 19:11:00  INFO [restartedMain] org.springframework.data.repository.config.RepositoryConfigurationDelegate [registerRepositoriesIn] - Bootstrapping Spring Data JPA repositories in DEFERRED mode.
""2020-10-06 19:11:01  INFO [restartedMain] org.springframework.data.repository.config.RepositoryConfigurationDelegate [registerRepositoriesIn] - Finished Spring Data repository scanning in 137ms. Found 1 JPA repository interfaces.
""2020-10-06 19:11:03  INFO [restartedMain] org.springframework.boot.web.embedded.tomcat.TomcatWebServer [initialize] - Tomcat initialized with port(s): 8081 (http)
""2020-10-06 19:11:03  INFO [restartedMain] org.apache.catalina.core.StandardService [log] - Starting service [Tomcat]
""2020-10-06 19:11:03  INFO [restartedMain] org.apache.catalina.core.StandardEngine [log] - Starting Servlet engine: [Apache Tomcat/9.0.37]
""2020-10-06 19:11:03  INFO [restartedMain] org.apache.catalina.core.ContainerBase.[Tomcat].[localhost].[/] [log] - Initializing Spring embedded WebApplicationContext
""2020-10-06 19:11:03  INFO [restartedMain] org.springframework.boot.web.servlet.context.ServletWebServerApplicationContext [prepareWebApplicationContext] - Root WebApplicationContext: initialization completed in 7358 ms
""2020-10-06 19:11:04  INFO [restartedMain] org.springframework.scheduling.concurrent.ThreadPoolTaskExecutor [initialize] - Initializing ExecutorService 'applicationTaskExecutor'
""2020-10-06 19:11:04  INFO [task-1] org.hibernate.jpa.internal.util.LogHelper [logPersistenceUnitInformation] - HHH000204: Processing PersistenceUnitInfo [name: default]
""2020-10-06 19:11:04  INFO [task-1] org.hibernate.Version [logVersion] - HHH000412: Hibernate ORM core version 5.4.20.Final
""2020-10-06 19:11:05  INFO [task-1] org.hibernate.annotations.common.Version [<clinit>] - HCANN000001: Hibernate Commons Annotations {5.1.0.Final}
""2020-10-06 19:11:05  WARN [restartedMain] org.springframework.boot.autoconfigure.orm.jpa.JpaBaseConfiguration$JpaWebConfiguration [openEntityManagerInViewInterceptor] - spring.jpa.open-in-view is enabled by default. Therefore, database queries may be performed during view rendering. Explicitly configure spring.jpa.open-in-view to disable this warning
""2020-10-06 19:11:06  INFO [task-1] com.zaxxer.hikari.HikariDataSource [getConnection] - HikariPool-1 - Starting...
""2020-10-06 19:11:06  INFO [restartedMain] org.springframework.boot.actuate.endpoint.web.EndpointLinksResolver [<init>] - Exposing 14 endpoint(s) beneath base path '/actuator'
""2020-10-06 19:11:06  INFO [restartedMain] springfox.documentation.spring.web.PropertySourcedRequestMappingHandlerMapping [initHandlerMethods] - Mapped URL path [/v2/api-docs] onto method [springfox.documentation.swagger2.web.Swagger2Controller#getDocumentation(String, HttpServletRequest)]
""2020-10-06 19:11:07  INFO [task-1] com.zaxxer.hikari.HikariDataSource [getConnection] - HikariPool-1 - Start completed.
""2020-10-06 19:11:07  INFO [task-1] org.hibernate.dialect.Dialect [<init>] - HHH000400: Using dialect: org.hibernate.dialect.MySQL5Dialect
""2020-10-06 19:11:07  WARN [restartedMain] org.springframework.boot.devtools.autoconfigure.OptionalLiveReloadServer [startServer] - Unable to start LiveReload server
""2020-10-06 19:11:10  INFO [task-1] org.hibernate.engine.transaction.jta.platform.internal.JtaPlatformInitiator [initiateService] - HHH000490: Using JtaPlatform implementation: [org.hibernate.engine.transaction.jta.platform.internal.NoJtaPlatform]
""2020-10-06 19:11:10  INFO [task-1] org.springframework.orm.jpa.LocalContainerEntityManagerFactoryBean [buildNativeEntityManagerFactory] - Initialized JPA EntityManagerFactory for persistence unit 'default'
""2020-10-06 19:11:10  INFO [restartedMain] org.springframework.boot.web.embedded.tomcat.TomcatWebServer [start] - Tomcat started on port(s): 8081 (http) with context path ''
""2020-10-06 19:11:10  INFO [restartedMain] springfox.documentation.spring.web.plugins.DocumentationPluginsBootstrapper [start] - Context refreshed
""2020-10-06 19:11:11  INFO [restartedMain] springfox.documentation.spring.web.plugins.DocumentationPluginsBootstrapper [start] - Found 1 custom documentation plugin(s)
""2020-10-06 19:11:11  INFO [restartedMain] springfox.documentation.spring.web.scanners.ApiListingReferenceScanner [scan] - Scanning for api listing references
""2020-10-06 19:11:11  INFO [restartedMain] org.springframework.data.repository.config.DeferredRepositoryInitializationListener [onApplicationEvent] - Triggering deferred initialization of Spring Data repositories…
""2020-10-06 19:11:12  INFO [restartedMain] org.springframework.data.repository.config.DeferredRepositoryInitializationListener [onApplicationEvent] - Spring Data repositories initialized!
""2020-10-06 19:11:12  INFO [restartedMain] com.infosys.employeeCourse.EmployeeCourseApplication [logStarted] - Started EmployeeCourseApplication in 17.447 seconds (JVM running for 18.598)
""2020-10-06 19:11:38  INFO [http-nio-8081-exec-1] org.apache.catalina.core.ContainerBase.[Tomcat].[localhost].[/] [log] - Initializing Spring DispatcherServlet 'dispatcherServlet'
""2020-10-06 19:11:38  INFO [http-nio-8081-exec-1] org.springframework.web.servlet.DispatcherServlet [initServletBean] - Initializing Servlet 'dispatcherServlet'
""2020-10-06 19:11:38  INFO [http-nio-8081-exec-1] org.springframework.web.servlet.DispatcherServlet [initServletBean] - Completed initialization in 30 ms
"